--------------------------------------------------------------------------------
Translator Name    : Spatial InterOp Connect ( Version : 2021 1.0.0 )
System Name        : Windows_NT
Machine Name       : THIBERGE-2013F5
User Name          : Manuel
Source System      : ACIS
Destination System : STEP
Input File         : C:\Users\Manuel\AppData\Local\Temp\SPAXTemp-P31000-T30104-2_SPAIop_1_Doc.asab
Output File        : C:\Users\Manuel\Desktop\Collection\collection_optics.stp
Start Time         : Sat Jul 20 13:45:37 2024

--------------------------------------------------------------------------------
Message : === Translation Options ===
Message : SplitPeriodic : false
Message : Flatten : false
Message : WriteShortName : false
Message : EnableMultiThreading : true
Message : SaveMode : 2
Message : OrganizationName : ZEMAX
Message : EnableWideCharacter : true
Message : ===========================
-------------------------Source File Header Information-------------------------
Modification Date        : 20 Jul 2024
File Name                : SPAXTemp-P31000-T30104-2_SPAIop_1_Doc.asab
Organization             : SPA-INTEROPERABILITY
Version                  : 3100
Units                    : MILLIMETER
Tolerance                : 0.000001
Document Type            : Assembly
Format Type              : ACIS
--------------------------------------------------------------------------------
--------------------------------------------------------------------------------
Source Document Preprocessing Result : Success
--------------------------------------------------------------------------------
--------------------------------------------------------------------------------
Target Document Preprocessing Result : Success
--------------------------------------------------------------------------------
--------------------------------------------------------------------------------
Start Assembly
--------------------------------------------------------------------------------
--------------------------------------------------------------------------------
Assembly Source Representation Preprocessing Result : Success
--------------------------------------------------------------------------------
--------------------------------------------------------------------------------
Assembly Target Representation Preprocessing Result : Success
--------------------------------------------------------------------------------
--------------------------------------------------------------------------------
Start Translation of Part Definition Document In Assembly
--------------------------------------------------------------------------------
Source System      : ACIS
Destination System : STEP
Start Time         : Sat Jul 20 13:45:37 2024

--------------------------------------------------------------------------------
Message : === Translation Options ===
Message : SplitPeriodic : false
Message : Flatten : false
Message : WriteShortName : false
Message : EnableMultiThreading : true
Message : SaveMode : 2
Message : OrganizationName : ZEMAX
Message : EnableWideCharacter : true
Message : ===========================
--------------------------------------------------------------------------------
Source Document Preprocessing Result : Success
--------------------------------------------------------------------------------
--------------------------------------------------------------------------------
Target Document Preprocessing Result : Success
--------------------------------------------------------------------------------
--------------------------------------------------------------------------------
Start BRep
--------------------------------------------------------------------------------
--------------------------------------------------------------------------------
BRep Source Representation Preprocessing Result : Success
--------------------------------------------------------------------------------
--------------------------------------------------------------------------------
BRep Target Representation Preprocessing Result : Success
--------------------------------------------------------------------------------
--------------------------------------------------------------------------------
BRep Source Representation Postprocessing Result : Success
--------------------------------------------------------------------------------
--------------------------------------------------------------------------------
BRep Target Representation Postprocessing Result : Success
--------------------------------------------------------------------------------
--------------------------------------------------------------------------------
End BRep
------------------------Representation Conversion Summary-----------------------
No. of Solid Bodies                       :    1
No. of Wire Bodies                        :    0
No. of Curve Sets                         :    0
No. of Geometric Sets                     :    0
No. of Sheet Bodies                       :    0
--------------------------------------------------------------------------------
BRep Conversion Result : Success
--------------------------------------------------------------------------------
--------------------------------------------------------------------------------
Start DocumentFeature
--------------------------------------------------------------------------------
--------------------------------------------------------------------------------
DocumentFeature Source Representation Preprocessing Result : No Entity to Translate
--------------------------------------------------------------------------------
--------------------------------------------------------------------------------
DocumentFeature Target Representation Preprocessing Result : Success
--------------------------------------------------------------------------------
--------------------------------------------------------------------------------
DocumentFeature Source Representation Postprocessing Result : Success
--------------------------------------------------------------------------------
--------------------------------------------------------------------------------
DocumentFeature Target Representation Postprocessing Result : Success
--------------------------------------------------------------------------------
--------------------------------------------------------------------------------
End DocumentFeature
------------------------Representation Conversion Summary-----------------------
No. of Selection Sets                     :    0
--------------------------------------------------------------------------------
DocumentFeature Conversion Result : No Entity to Translate
--------------------------------------------------------------------------------
--------------------------------------------------------------------------------
Target Document Postprocessing Result : Success
--------------------------------------------------------------------------------
--------------------------------------------------------------------------------
Target Document Postprocessing Result : Success
--------------------------------------------------------------------------------
--------------------------------------------------------------------------------
---------------------------Document Conversion Summary--------------------------
No. of Items of DocumentFeature Representation :    0
No. of Items of BRep Representation            :    1
--------------------------------------------------------------------------------
Finish Time : Sat Jul 20 13:45:37 2024

--------------------------------------------------------------------------------
Translation Result : Success
--------------------------------------------------------------------------------
--------------------------------------------------------------------------------
End Translation of Part Definition Document In Assembly
--------------------------------------------------------------------------------
--------------------------------------------------------------------------------
Start Translation of Part Definition Document In Assembly
--------------------------------------------------------------------------------
Source System      : ACIS
Destination System : STEP
Start Time         : Sat Jul 20 13:45:37 2024

--------------------------------------------------------------------------------
Message : === Translation Options ===
Message : SplitPeriodic : false
Message : Flatten : false
Message : WriteShortName : false
Message : EnableMultiThreading : true
Message : SaveMode : 2
Message : OrganizationName : ZEMAX
Message : EnableWideCharacter : true
Message : ===========================
--------------------------------------------------------------------------------
Source Document Preprocessing Result : Success
--------------------------------------------------------------------------------
--------------------------------------------------------------------------------
Target Document Preprocessing Result : Success
--------------------------------------------------------------------------------
--------------------------------------------------------------------------------
Start BRep
--------------------------------------------------------------------------------
--------------------------------------------------------------------------------
BRep Source Representation Preprocessing Result : Success
--------------------------------------------------------------------------------
--------------------------------------------------------------------------------
BRep Target Representation Preprocessing Result : Success
--------------------------------------------------------------------------------
--------------------------------------------------------------------------------
BRep Source Representation Postprocessing Result : Success
--------------------------------------------------------------------------------
--------------------------------------------------------------------------------
BRep Target Representation Postprocessing Result : Success
--------------------------------------------------------------------------------
--------------------------------------------------------------------------------
End BRep
------------------------Representation Conversion Summary-----------------------
No. of Solid Bodies                       :    1
No. of Wire Bodies                        :    0
No. of Curve Sets                         :    0
No. of Geometric Sets                     :    0
No. of Sheet Bodies                       :    0
--------------------------------------------------------------------------------
BRep Conversion Result : Success
--------------------------------------------------------------------------------
--------------------------------------------------------------------------------
Start DocumentFeature
--------------------------------------------------------------------------------
--------------------------------------------------------------------------------
DocumentFeature Source Representation Preprocessing Result : No Entity to Translate
--------------------------------------------------------------------------------
--------------------------------------------------------------------------------
DocumentFeature Target Representation Preprocessing Result : Success
--------------------------------------------------------------------------------
--------------------------------------------------------------------------------
DocumentFeature Source Representation Postprocessing Result : Success
--------------------------------------------------------------------------------
--------------------------------------------------------------------------------
DocumentFeature Target Representation Postprocessing Result : Success
--------------------------------------------------------------------------------
--------------------------------------------------------------------------------
End DocumentFeature
------------------------Representation Conversion Summary-----------------------
No. of Selection Sets                     :    0
--------------------------------------------------------------------------------
DocumentFeature Conversion Result : No Entity to Translate
--------------------------------------------------------------------------------
--------------------------------------------------------------------------------
Target Document Postprocessing Result : Success
--------------------------------------------------------------------------------
--------------------------------------------------------------------------------
Target Document Postprocessing Result : Success
--------------------------------------------------------------------------------
--------------------------------------------------------------------------------
---------------------------Document Conversion Summary--------------------------
No. of Items of DocumentFeature Representation :    0
No. of Items of BRep Representation            :    1
--------------------------------------------------------------------------------
Finish Time : Sat Jul 20 13:45:37 2024

--------------------------------------------------------------------------------
Translation Result : Success
--------------------------------------------------------------------------------
--------------------------------------------------------------------------------
End Translation of Part Definition Document In Assembly
--------------------------------------------------------------------------------
--------------------------------------------------------------------------------
Start Translation of Part Definition Document In Assembly
--------------------------------------------------------------------------------
Source System      : ACIS
Destination System : STEP
Start Time         : Sat Jul 20 13:45:37 2024

--------------------------------------------------------------------------------
Message : === Translation Options ===
Message : SplitPeriodic : false
Message : Flatten : false
Message : WriteShortName : false
Message : EnableMultiThreading : true
Message : SaveMode : 2
Message : OrganizationName : ZEMAX
Message : EnableWideCharacter : true
Message : ===========================
--------------------------------------------------------------------------------
Source Document Preprocessing Result : Success
--------------------------------------------------------------------------------
--------------------------------------------------------------------------------
Target Document Preprocessing Result : Success
--------------------------------------------------------------------------------
--------------------------------------------------------------------------------
Start BRep
--------------------------------------------------------------------------------
--------------------------------------------------------------------------------
BRep Source Representation Preprocessing Result : Success
--------------------------------------------------------------------------------
--------------------------------------------------------------------------------
BRep Target Representation Preprocessing Result : Success
--------------------------------------------------------------------------------
--------------------------------------------------------------------------------
BRep Source Representation Postprocessing Result : Success
--------------------------------------------------------------------------------
--------------------------------------------------------------------------------
BRep Target Representation Postprocessing Result : Success
--------------------------------------------------------------------------------
--------------------------------------------------------------------------------
End BRep
------------------------Representation Conversion Summary-----------------------
No. of Solid Bodies                       :    1
No. of Wire Bodies                        :    0
No. of Curve Sets                         :    0
No. of Geometric Sets                     :    0
No. of Sheet Bodies                       :    0
--------------------------------------------------------------------------------
BRep Conversion Result : Success
--------------------------------------------------------------------------------
--------------------------------------------------------------------------------
Start DocumentFeature
--------------------------------------------------------------------------------
--------------------------------------------------------------------------------
DocumentFeature Source Representation Preprocessing Result : No Entity to Translate
--------------------------------------------------------------------------------
--------------------------------------------------------------------------------
DocumentFeature Target Representation Preprocessing Result : Success
--------------------------------------------------------------------------------
--------------------------------------------------------------------------------
DocumentFeature Source Representation Postprocessing Result : Success
--------------------------------------------------------------------------------
--------------------------------------------------------------------------------
DocumentFeature Target Representation Postprocessing Result : Success
--------------------------------------------------------------------------------
--------------------------------------------------------------------------------
End DocumentFeature
------------------------Representation Conversion Summary-----------------------
No. of Selection Sets                     :    0
--------------------------------------------------------------------------------
DocumentFeature Conversion Result : No Entity to Translate
--------------------------------------------------------------------------------
--------------------------------------------------------------------------------
Target Document Postprocessing Result : Success
--------------------------------------------------------------------------------
--------------------------------------------------------------------------------
Target Document Postprocessing Result : Success
--------------------------------------------------------------------------------
--------------------------------------------------------------------------------
---------------------------Document Conversion Summary--------------------------
No. of Items of DocumentFeature Representation :    0
No. of Items of BRep Representation            :    1
--------------------------------------------------------------------------------
Finish Time : Sat Jul 20 13:45:37 2024

--------------------------------------------------------------------------------
Translation Result : Success
--------------------------------------------------------------------------------
--------------------------------------------------------------------------------
End Translation of Part Definition Document In Assembly
--------------------------------------------------------------------------------
--------------------------------------------------------------------------------
Start Translation of Part Definition Document In Assembly
--------------------------------------------------------------------------------
Source System      : ACIS
Destination System : STEP
Start Time         : Sat Jul 20 13:45:37 2024

--------------------------------------------------------------------------------
Message : === Translation Options ===
Message : SplitPeriodic : false
Message : Flatten : false
Message : WriteShortName : false
Message : EnableMultiThreading : true
Message : SaveMode : 2
Message : OrganizationName : ZEMAX
Message : EnableWideCharacter : true
Message : ===========================
--------------------------------------------------------------------------------
Source Document Preprocessing Result : Success
--------------------------------------------------------------------------------
--------------------------------------------------------------------------------
Target Document Preprocessing Result : Success
--------------------------------------------------------------------------------
--------------------------------------------------------------------------------
Start BRep
--------------------------------------------------------------------------------
--------------------------------------------------------------------------------
BRep Source Representation Preprocessing Result : Success
--------------------------------------------------------------------------------
--------------------------------------------------------------------------------
BRep Target Representation Preprocessing Result : Success
--------------------------------------------------------------------------------
--------------------------------------------------------------------------------
BRep Source Representation Postprocessing Result : Success
--------------------------------------------------------------------------------
--------------------------------------------------------------------------------
BRep Target Representation Postprocessing Result : Success
--------------------------------------------------------------------------------
--------------------------------------------------------------------------------
End BRep
------------------------Representation Conversion Summary-----------------------
No. of Solid Bodies                       :    1
No. of Wire Bodies                        :    0
No. of Curve Sets                         :    0
No. of Geometric Sets                     :    0
No. of Sheet Bodies                       :    0
--------------------------------------------------------------------------------
BRep Conversion Result : Success
--------------------------------------------------------------------------------
--------------------------------------------------------------------------------
Start DocumentFeature
--------------------------------------------------------------------------------
--------------------------------------------------------------------------------
DocumentFeature Source Representation Preprocessing Result : No Entity to Translate
--------------------------------------------------------------------------------
--------------------------------------------------------------------------------
DocumentFeature Target Representation Preprocessing Result : Success
--------------------------------------------------------------------------------
--------------------------------------------------------------------------------
DocumentFeature Source Representation Postprocessing Result : Success
--------------------------------------------------------------------------------
--------------------------------------------------------------------------------
DocumentFeature Target Representation Postprocessing Result : Success
--------------------------------------------------------------------------------
--------------------------------------------------------------------------------
End DocumentFeature
------------------------Representation Conversion Summary-----------------------
No. of Selection Sets                     :    0
--------------------------------------------------------------------------------
DocumentFeature Conversion Result : No Entity to Translate
--------------------------------------------------------------------------------
--------------------------------------------------------------------------------
Target Document Postprocessing Result : Success
--------------------------------------------------------------------------------
--------------------------------------------------------------------------------
Target Document Postprocessing Result : Success
--------------------------------------------------------------------------------
--------------------------------------------------------------------------------
---------------------------Document Conversion Summary--------------------------
No. of Items of DocumentFeature Representation :    0
No. of Items of BRep Representation            :    1
--------------------------------------------------------------------------------
Finish Time : Sat Jul 20 13:45:37 2024

--------------------------------------------------------------------------------
Translation Result : Success
--------------------------------------------------------------------------------
--------------------------------------------------------------------------------
End Translation of Part Definition Document In Assembly
--------------------------------------------------------------------------------
--------------------------------------------------------------------------------
Start Translation of Part Definition Document In Assembly
--------------------------------------------------------------------------------
Source System      : ACIS
Destination System : STEP
Start Time         : Sat Jul 20 13:45:37 2024

--------------------------------------------------------------------------------
Message : === Translation Options ===
Message : SplitPeriodic : false
Message : Flatten : false
Message : WriteShortName : false
Message : EnableMultiThreading : true
Message : SaveMode : 2
Message : OrganizationName : ZEMAX
Message : EnableWideCharacter : true
Message : ===========================
--------------------------------------------------------------------------------
Source Document Preprocessing Result : Success
--------------------------------------------------------------------------------
--------------------------------------------------------------------------------
Target Document Preprocessing Result : Success
--------------------------------------------------------------------------------
--------------------------------------------------------------------------------
Start BRep
--------------------------------------------------------------------------------
--------------------------------------------------------------------------------
BRep Source Representation Preprocessing Result : Success
--------------------------------------------------------------------------------
--------------------------------------------------------------------------------
BRep Target Representation Preprocessing Result : Success
--------------------------------------------------------------------------------
--------------------------------------------------------------------------------
BRep Source Representation Postprocessing Result : Success
--------------------------------------------------------------------------------
--------------------------------------------------------------------------------
BRep Target Representation Postprocessing Result : Success
--------------------------------------------------------------------------------
--------------------------------------------------------------------------------
End BRep
------------------------Representation Conversion Summary-----------------------
No. of Solid Bodies                       :    1
No. of Wire Bodies                        :    0
No. of Curve Sets                         :    0
No. of Geometric Sets                     :    0
No. of Sheet Bodies                       :    0
--------------------------------------------------------------------------------
BRep Conversion Result : Success
--------------------------------------------------------------------------------
--------------------------------------------------------------------------------
Start DocumentFeature
--------------------------------------------------------------------------------
--------------------------------------------------------------------------------
DocumentFeature Source Representation Preprocessing Result : No Entity to Translate
--------------------------------------------------------------------------------
--------------------------------------------------------------------------------
DocumentFeature Target Representation Preprocessing Result : Success
--------------------------------------------------------------------------------
--------------------------------------------------------------------------------
DocumentFeature Source Representation Postprocessing Result : Success
--------------------------------------------------------------------------------
--------------------------------------------------------------------------------
DocumentFeature Target Representation Postprocessing Result : Success
--------------------------------------------------------------------------------
--------------------------------------------------------------------------------
End DocumentFeature
------------------------Representation Conversion Summary-----------------------
No. of Selection Sets                     :    0
--------------------------------------------------------------------------------
DocumentFeature Conversion Result : No Entity to Translate
--------------------------------------------------------------------------------
--------------------------------------------------------------------------------
Target Document Postprocessing Result : Success
--------------------------------------------------------------------------------
--------------------------------------------------------------------------------
Target Document Postprocessing Result : Success
--------------------------------------------------------------------------------
--------------------------------------------------------------------------------
---------------------------Document Conversion Summary--------------------------
No. of Items of DocumentFeature Representation :    0
No. of Items of BRep Representation            :    1
--------------------------------------------------------------------------------
Finish Time : Sat Jul 20 13:45:37 2024

--------------------------------------------------------------------------------
Translation Result : Success
--------------------------------------------------------------------------------
--------------------------------------------------------------------------------
End Translation of Part Definition Document In Assembly
--------------------------------------------------------------------------------
--------------------------------------------------------------------------------
Start Translation of Part Definition Document In Assembly
--------------------------------------------------------------------------------
Source System      : ACIS
Destination System : STEP
Start Time         : Sat Jul 20 13:45:37 2024

--------------------------------------------------------------------------------
Message : === Translation Options ===
Message : SplitPeriodic : false
Message : Flatten : false
Message : WriteShortName : false
Message : EnableMultiThreading : true
Message : SaveMode : 2
Message : OrganizationName : ZEMAX
Message : EnableWideCharacter : true
Message : ===========================
--------------------------------------------------------------------------------
Source Document Preprocessing Result : Success
--------------------------------------------------------------------------------
--------------------------------------------------------------------------------
Target Document Preprocessing Result : Success
--------------------------------------------------------------------------------
--------------------------------------------------------------------------------
Start BRep
--------------------------------------------------------------------------------
--------------------------------------------------------------------------------
BRep Source Representation Preprocessing Result : Success
--------------------------------------------------------------------------------
--------------------------------------------------------------------------------
BRep Target Representation Preprocessing Result : Success
--------------------------------------------------------------------------------
--------------------------------------------------------------------------------
BRep Source Representation Postprocessing Result : Success
--------------------------------------------------------------------------------
--------------------------------------------------------------------------------
BRep Target Representation Postprocessing Result : Success
--------------------------------------------------------------------------------
--------------------------------------------------------------------------------
End BRep
------------------------Representation Conversion Summary-----------------------
No. of Solid Bodies                       :    1
No. of Wire Bodies                        :    0
No. of Curve Sets                         :    0
No. of Geometric Sets                     :    0
No. of Sheet Bodies                       :    0
--------------------------------------------------------------------------------
BRep Conversion Result : Success
--------------------------------------------------------------------------------
--------------------------------------------------------------------------------
Start DocumentFeature
--------------------------------------------------------------------------------
--------------------------------------------------------------------------------
DocumentFeature Source Representation Preprocessing Result : No Entity to Translate
--------------------------------------------------------------------------------
--------------------------------------------------------------------------------
DocumentFeature Target Representation Preprocessing Result : Success
--------------------------------------------------------------------------------
--------------------------------------------------------------------------------
DocumentFeature Source Representation Postprocessing Result : Success
--------------------------------------------------------------------------------
--------------------------------------------------------------------------------
DocumentFeature Target Representation Postprocessing Result : Success
--------------------------------------------------------------------------------
--------------------------------------------------------------------------------
End DocumentFeature
------------------------Representation Conversion Summary-----------------------
No. of Selection Sets                     :    0
--------------------------------------------------------------------------------
DocumentFeature Conversion Result : No Entity to Translate
--------------------------------------------------------------------------------
--------------------------------------------------------------------------------
Target Document Postprocessing Result : Success
--------------------------------------------------------------------------------
--------------------------------------------------------------------------------
Target Document Postprocessing Result : Success
--------------------------------------------------------------------------------
--------------------------------------------------------------------------------
---------------------------Document Conversion Summary--------------------------
No. of Items of DocumentFeature Representation :    0
No. of Items of BRep Representation            :    1
--------------------------------------------------------------------------------
Finish Time : Sat Jul 20 13:45:37 2024

--------------------------------------------------------------------------------
Translation Result : Success
--------------------------------------------------------------------------------
--------------------------------------------------------------------------------
End Translation of Part Definition Document In Assembly
--------------------------------------------------------------------------------
--------------------------------------------------------------------------------
Assembly Source Representation Postprocessing Result : Success
--------------------------------------------------------------------------------
--------------------------------------------------------------------------------
Assembly Target Representation Postprocessing Result : Success
--------------------------------------------------------------------------------
--------------------------------------------------------------------------------
End Assembly
------------------------Representation Conversion Summary-----------------------
No. of Assemblies                         :    1
--------------------------------------------------------------------------------
Assembly Conversion Result : Success
--------------------------------------------------------------------------------
--------------------------------------------------------------------------------
Target Document Postprocessing Result : Success
--------------------------------------------------------------------------------
--------------------------------------------------------------------------------
Target Document Postprocessing Result : Success
--------------------------------------------------------------------------------
--------------------------------------------------------------------------------
---------------------------Document Conversion Summary--------------------------
No. of Items of Assembly Representation        :    1
--------------------------------------------------------------------------------
Output File "C:\Users\Manuel\Desktop\Collection\collection_optics.stp" is Successfully Written
--------------------------------------------------------------------------------
Finish Time : Sat Jul 20 13:45:37 2024

--------------------------------------------------------------------------------
Translation Result : Success
--------------------------------------------------------------------------------
--------------------------------------------------------------------------------
